<?xml version="1.0" encoding="UTF-8"?>
<!-- Generated by org.testng.reporters.JUnitReportReporter -->
<testsuite hostname="DESKTOP-27QSGA0" failures="0" tests="1" name="TestCaseExecution.ExecutionClass" time="41.393" errors="0" timestamp="2024-07-01T12:06:16 IST" skipped="0">
  <testcase classname="TestCaseExecution.ExecutionClass" name="execute" time="41.393"/>
  <system-out/>
</testsuite> <!-- TestCaseExecution.ExecutionClass -->
