<?xml version="1.0" encoding="UTF-8"?>
<!-- Generated by org.testng.reporters.JUnitReportReporter -->
<testsuite hostname="LAPTOP-M00U3UM5" failures="0" tests="1" name="BasePack.BaseClass" time="18.338" errors="0" timestamp="2023-12-26T15:26:48 IST" skipped="0">
  <testcase classname="BasePack.BaseClass" name="f" time="18.338"/>
</testsuite> <!-- BasePack.BaseClass -->
