<?xml version="1.0" encoding="UTF-8"?>
<!-- Generated by org.testng.reporters.JUnitReportReporter -->
<testsuite hostname="DESKTOP-27QSGA0" failures="0" tests="1" name="TestCaseExecution.ScriptCoding" time="15.667" errors="0" timestamp="2024-05-31T11:42:36 IST" skipped="0">
  <testcase classname="TestCaseExecution.ScriptCoding" name="execute" time="15.667"/>
  <system-out/>
</testsuite> <!-- TestCaseExecution.ScriptCoding -->
